11/26/23 11:22:20 AM - INFO : Clicked on going to
11/26/23 11:22:22 AM - INFO : Typed text into going to field successfully
11/26/23 11:22:49 AM - WARNING : Selected flights with 1 stop
11/26/23 11:22:56 AM - INFO : 29
11/26/23 11:35:35 AM - INFO : Clicked on going to
11/26/23 11:35:37 AM - INFO : Typed text into going to field successfully
11/26/23 11:36:05 AM - WARNING : Selected flights with 1 stop
11/26/23 11:36:11 AM - INFO : 29
11/26/23 12:03:21 PM - INFO : Clicked on going to
11/26/23 12:03:23 PM - INFO : Typed text into going to field successfully
11/26/23 12:03:53 PM - WARNING : Selected flights with 1 stop
11/26/23 12:03:59 PM - INFO : 29
11/26/23 12:05:26 PM - INFO : Clicked on going to
11/26/23 12:05:29 PM - INFO : Typed text into going to field successfully
11/26/23 12:05:56 PM - WARNING : Selected flights with 1 stop
11/26/23 12:06:02 PM - INFO : 29
11/26/23 12:06:13 PM - INFO : Clicked on going to
11/26/23 12:06:15 PM - INFO : Typed text into going to field successfully
11/26/23 12:06:43 PM - WARNING : Please provide valid filter option
11/26/23 12:06:47 PM - INFO : 19
11/26/23 12:19:59 PM - INFO : Clicked on going to
11/26/23 12:20:01 PM - INFO : Typed text into going to field successfully
11/26/23 12:20:18 PM - INFO : Clicked on going to
11/26/23 12:20:20 PM - INFO : Typed text into going to field successfully
11/26/23 12:20:48 PM - WARNING : Selected flights with 2 stop
11/26/23 12:20:54 PM - INFO : 26
11/26/23 12:34:58 PM - INFO : Clicked on going to
11/26/23 12:35:00 PM - INFO : Typed text into going to field successfully
11/26/23 12:35:28 PM - WARNING : Selected flights with 2 stop
11/26/23 12:35:34 PM - INFO : 26
11/26/23 02:35:50 PM - INFO : Clicked on going to
11/26/23 02:35:53 PM - INFO : Typed text into going to field successfully
11/26/23 02:38:25 PM - INFO : Clicked on going to
11/26/23 02:38:27 PM - INFO : Typed text into going to field successfully
11/26/23 02:38:55 PM - WARNING : Selected flights with 1 stop
11/26/23 02:39:01 PM - INFO : 29
11/26/23 02:50:53 PM - INFO : Clicked on going to
11/26/23 02:50:55 PM - INFO : Typed text into going to field successfully
11/26/23 02:51:24 PM - WARNING : Selected flights with 1 stop
11/26/23 02:51:30 PM - INFO : 29
11/26/23 02:53:16 PM - INFO : Clicked on going to
11/26/23 02:53:18 PM - INFO : Typed text into going to field successfully
11/26/23 02:53:49 PM - WARNING : Selected flights with 1 stop
11/26/23 02:53:55 PM - INFO : 29
11/26/23 02:54:06 PM - INFO : Clicked on going to
11/26/23 02:54:08 PM - INFO : Typed text into going to field successfully
11/26/23 02:54:36 PM - WARNING : Please provide valid filter option
11/26/23 02:54:40 PM - INFO : 19
11/26/23 02:55:28 PM - INFO : Clicked on going to
11/26/23 02:55:30 PM - INFO : Typed text into going to field successfully
11/26/23 02:55:58 PM - WARNING : Selected flights with 1 stop
11/26/23 02:56:04 PM - INFO : 16
11/26/23 02:56:15 PM - INFO : Clicked on going to
11/26/23 02:56:17 PM - INFO : Typed text into going to field successfully
11/26/23 02:56:44 PM - WARNING : Selected flights with 2 stop
11/26/23 02:56:50 PM - INFO : 28
11/27/23 11:27:09 AM - INFO : Clicked on going to
11/27/23 11:27:12 AM - INFO : Typed text into going to field successfully
11/27/23 11:27:40 AM - WARNING : Selected flights with 1 stop
11/27/23 11:27:46 AM - INFO : 24
11/27/23 11:27:57 AM - INFO : Clicked on going to
11/27/23 11:27:59 AM - INFO : Typed text into going to field successfully
11/27/23 11:28:26 AM - WARNING : Please provide valid filter option
11/27/23 11:28:30 AM - INFO : 23
11/27/23 11:29:23 AM - INFO : Clicked on going to
11/27/23 11:29:26 AM - INFO : Typed text into going to field successfully
11/27/23 11:29:53 AM - WARNING : Selected flights with 1 stop
11/27/23 11:29:59 AM - INFO : 24
11/27/23 11:30:11 AM - INFO : Clicked on going to
11/27/23 11:30:13 AM - INFO : Typed text into going to field successfully
11/27/23 11:30:37 AM - WARNING : Please provide valid filter option
11/27/23 11:32:10 AM - INFO : Clicked on going to
11/27/23 11:32:12 AM - INFO : Typed text into going to field successfully
11/27/23 11:34:02 AM - INFO : Clicked on going to
11/27/23 11:34:04 AM - INFO : Typed text into going to field successfully
11/27/23 11:36:15 AM - INFO : Clicked on going to
11/27/23 11:36:17 AM - INFO : Typed text into going to field successfully
11/27/23 11:36:46 AM - WARNING : Selected flights with 1 stop
11/27/23 11:36:52 AM - INFO : 24
11/27/23 11:37:03 AM - INFO : Clicked on going to
11/27/23 11:37:05 AM - INFO : Typed text into going to field successfully
11/27/23 11:40:02 AM - INFO : Clicked on going to
11/27/23 11:40:04 AM - INFO : Typed text into going to field successfully
11/27/23 11:40:32 AM - WARNING : Selected flights with 1 stop
11/27/23 11:40:38 AM - INFO : 24
11/27/23 11:40:52 AM - INFO : Clicked on going to
11/27/23 11:40:54 AM - INFO : Typed text into going to field successfully
11/27/23 11:41:26 AM - WARNING : Please provide valid filter option
11/27/23 11:41:30 AM - INFO : 23
11/27/23 11:42:19 AM - INFO : Clicked on going to
11/27/23 11:42:21 AM - INFO : Typed text into going to field successfully
11/27/23 11:42:49 AM - WARNING : Selected flights with 1 stop
11/27/23 11:42:55 AM - INFO : 24
11/27/23 11:43:06 AM - INFO : Clicked on going to
11/27/23 11:43:08 AM - INFO : Typed text into going to field successfully
11/27/23 11:43:32 AM - WARNING : Please provide valid filter option
11/27/23 11:47:27 AM - INFO : Clicked on going to
11/27/23 11:47:29 AM - INFO : Typed text into going to field successfully
11/27/23 11:48:06 AM - WARNING : Selected flights with 1 stop
11/27/23 11:48:12 AM - INFO : 24
11/27/23 11:49:41 AM - INFO : Clicked on going to
11/27/23 11:49:43 AM - INFO : Typed text into going to field successfully
11/27/23 11:53:06 AM - INFO : Clicked on going to
11/27/23 11:53:08 AM - INFO : Typed text into going to field successfully
11/27/23 11:54:56 AM - INFO : Clicked on going to
11/27/23 11:54:58 AM - INFO : Typed text into going to field successfully
11/27/23 12:20:22 PM - INFO : Clicked on going to
11/27/23 12:20:24 PM - INFO : Typed text into going to field successfully
11/27/23 12:20:52 PM - WARNING : Selected flights with 1 stop
11/27/23 12:20:58 PM - INFO : 24
11/27/23 12:21:09 PM - INFO : Clicked on going to
11/27/23 12:21:12 PM - INFO : Typed text into going to field successfully
11/27/23 12:21:40 PM - WARNING : Selected flights with 2 stop
11/27/23 12:21:46 PM - INFO : 19
11/27/23 12:27:12 PM - INFO : Clicked on going to
11/27/23 12:27:14 PM - INFO : Typed text into going to field successfully
11/27/23 12:27:43 PM - WARNING : Selected flights with 1 stop
11/27/23 12:27:49 PM - INFO : 24
11/27/23 12:27:59 PM - INFO : Clicked on going to
11/27/23 12:28:02 PM - INFO : Typed text into going to field successfully
11/27/23 12:28:37 PM - WARNING : Selected flights with 2 stop
11/27/23 12:28:43 PM - INFO : 24
11/27/23 12:31:08 PM - INFO : Clicked on going to
11/27/23 12:31:10 PM - INFO : Typed text into going to field successfully
11/27/23 12:31:38 PM - WARNING : Selected flights with 1 stop
11/27/23 12:31:44 PM - INFO : 24
11/27/23 12:31:55 PM - INFO : Clicked on going to
11/27/23 12:31:57 PM - INFO : Typed text into going to field successfully
11/27/23 12:38:22 PM - INFO : Clicked on going to
11/27/23 12:38:24 PM - INFO : Typed text into going to field successfully
11/27/23 12:38:53 PM - WARNING : Selected flights with 1 stop
11/27/23 12:38:59 PM - INFO : 24
11/27/23 12:39:09 PM - INFO : Clicked on going to
11/27/23 12:39:12 PM - INFO : Typed text into going to field successfully
11/27/23 12:44:17 PM - INFO : Clicked on going to
11/27/23 12:44:19 PM - INFO : Typed text into going to field successfully
11/27/23 12:44:47 PM - WARNING : Selected flights with 1 stop
11/27/23 12:44:53 PM - INFO : 24
11/27/23 12:45:05 PM - INFO : Clicked on going to
11/27/23 12:45:07 PM - INFO : Typed text into going to field successfully
11/27/23 12:47:46 PM - INFO : Clicked on going to
11/27/23 12:47:48 PM - INFO : Typed text into going to field successfully
11/27/23 12:48:17 PM - WARNING : Selected flights with 1 stop
11/27/23 12:48:23 PM - INFO : 24
11/27/23 12:48:34 PM - INFO : Clicked on going to
11/27/23 12:48:36 PM - INFO : Typed text into going to field successfully
11/27/23 12:55:00 PM - INFO : Clicked on going to
11/27/23 12:55:02 PM - INFO : Typed text into going to field successfully
11/27/23 12:55:31 PM - WARNING : Selected flights with 1 stop
11/27/23 12:55:37 PM - INFO : 24
11/27/23 12:55:48 PM - INFO : Clicked on going to
11/27/23 12:55:50 PM - INFO : Typed text into going to field successfully
11/27/23 12:58:15 PM - INFO : Clicked on going to
11/27/23 12:58:17 PM - INFO : Typed text into going to field successfully
11/27/23 12:58:45 PM - WARNING : Selected flights with 1 stop
11/27/23 12:58:51 PM - INFO : 25
11/27/23 12:59:02 PM - INFO : Clicked on going to
11/27/23 12:59:04 PM - INFO : Typed text into going to field successfully
11/27/23 01:03:14 PM - INFO : Clicked on going to
11/27/23 01:03:16 PM - INFO : Typed text into going to field successfully
11/27/23 01:03:43 PM - WARNING : Selected flights with 1 stop
11/27/23 01:03:49 PM - INFO : 26
11/27/23 01:03:59 PM - INFO : Clicked on going to
11/27/23 01:04:01 PM - INFO : Typed text into going to field successfully
11/27/23 02:26:18 PM - INFO : Clicked on going to
11/27/23 02:26:20 PM - INFO : Typed text into going to field successfully
11/27/23 02:26:50 PM - WARNING : Selected flights with 1 stop
11/27/23 02:26:56 PM - INFO : 24
11/27/23 02:27:06 PM - INFO : Clicked on going to
11/27/23 02:27:08 PM - INFO : Typed text into going to field successfully
11/27/23 02:33:47 PM - INFO : Clicked on going to
11/27/23 02:33:49 PM - INFO : Typed text into going to field successfully
11/27/23 02:34:21 PM - WARNING : Selected flights with 1 stop
11/27/23 02:34:27 PM - INFO : 17
11/27/23 02:34:38 PM - INFO : Clicked on going to
11/27/23 02:34:40 PM - INFO : Typed text into going to field successfully
11/27/23 02:39:42 PM - INFO : Clicked on going to
11/27/23 02:39:44 PM - INFO : Typed text into going to field successfully
11/27/23 02:40:12 PM - WARNING : Selected flights with 1 stop
11/27/23 02:40:18 PM - INFO : 23
11/27/23 02:40:30 PM - INFO : Clicked on going to
11/27/23 02:40:32 PM - INFO : Typed text into going to field successfully
11/27/23 02:49:09 PM - INFO : Clicked on going to
11/27/23 02:49:11 PM - INFO : Typed text into going to field successfully
11/27/23 02:49:39 PM - WARNING : Selected flights with 1 stop
11/27/23 02:49:45 PM - INFO : 28
11/27/23 02:49:55 PM - INFO : Clicked on going to
11/27/23 02:49:57 PM - INFO : Typed text into going to field successfully
11/27/23 02:51:05 PM - INFO : Clicked on going to
11/27/23 02:51:07 PM - INFO : Typed text into going to field successfully
11/27/23 02:51:35 PM - WARNING : Selected flights with 1 stop
11/27/23 02:51:41 PM - INFO : 23
11/27/23 02:51:52 PM - INFO : Clicked on going to
11/27/23 02:51:54 PM - INFO : Typed text into going to field successfully
11/27/23 02:55:00 PM - INFO : Clicked on going to
11/27/23 02:55:02 PM - INFO : Typed text into going to field successfully
11/27/23 02:55:30 PM - WARNING : Selected flights with 1 stop
11/27/23 02:55:36 PM - INFO : 23
11/27/23 02:55:48 PM - INFO : Clicked on going to
11/27/23 02:55:50 PM - INFO : Typed text into going to field successfully
11/27/23 02:57:01 PM - INFO : Clicked on going to
11/27/23 02:57:03 PM - INFO : Typed text into going to field successfully
11/27/23 02:57:31 PM - WARNING : Selected flights with 1 stop
11/27/23 02:57:37 PM - INFO : 23
11/27/23 02:57:48 PM - INFO : Clicked on going to
11/27/23 02:57:50 PM - INFO : Typed text into going to field successfully
11/27/23 03:01:13 PM - INFO : Clicked on going to
11/27/23 03:01:15 PM - INFO : Typed text into going to field successfully
11/27/23 03:01:45 PM - WARNING : Selected flights with 1 stop
11/27/23 03:01:51 PM - INFO : 23
11/27/23 03:02:03 PM - INFO : Clicked on going to
11/27/23 03:02:05 PM - INFO : Typed text into going to field successfully
11/27/23 03:14:43 PM - INFO : Clicked on going to
11/27/23 03:14:45 PM - INFO : Typed text into going to field successfully
11/27/23 03:15:13 PM - WARNING : Selected flights with 1 stop
11/27/23 03:15:19 PM - INFO : 23
11/27/23 03:15:29 PM - INFO : Clicked on going to
11/27/23 03:15:32 PM - INFO : Typed text into going to field successfully
11/27/23 03:22:15 PM - INFO : Clicked on going to
11/27/23 03:22:17 PM - INFO : Typed text into going to field successfully
11/27/23 03:22:46 PM - WARNING : Selected flights with 1 stop
11/27/23 03:22:52 PM - INFO : 23
11/27/23 03:23:02 PM - INFO : Clicked on going to
11/27/23 03:23:04 PM - INFO : Typed text into going to field successfully
